<?xml version="1.0" encoding="UTF-8"?>
<testng-results skipped="0" failed="0" ignored="0" total="1" passed="1">
  <reporter-output>
  </reporter-output>
  <suite name="Default suite" duration-ms="13929" started-at="2022-06-24T11:57:20 IST" finished-at="2022-06-24T11:57:33 IST">
    <groups>
    </groups>
    <test name="Default test" duration-ms="13929" started-at="2022-06-24T11:57:20 IST" finished-at="2022-06-24T11:57:33 IST">
      <class name="TestCases.TC_login_001">
        <test-method status="PASS" signature="beforeclass()[pri:0, instance:TestCases.TC_login_001@481a15ff]" name="beforeclass" is-config="true" duration-ms="11505" started-at="2022-06-24T11:57:20 IST" finished-at="2022-06-24T11:57:31 IST">
          <reporter-output>
          </reporter-output>
        </test-method> <!-- beforeclass -->
        <test-method status="PASS" signature="login()[pri:0, instance:TestCases.TC_login_001@481a15ff]" name="login" duration-ms="1745" started-at="2022-06-24T11:57:31 IST" finished-at="2022-06-24T11:57:33 IST">
          <reporter-output>
          </reporter-output>
        </test-method> <!-- login -->
        <test-method status="PASS" signature="afterclass()[pri:0, instance:TestCases.TC_login_001@481a15ff]" name="afterclass" is-config="true" duration-ms="644" started-at="2022-06-24T11:57:33 IST" finished-at="2022-06-24T11:57:33 IST">
          <reporter-output>
          </reporter-output>
        </test-method> <!-- afterclass -->
      </class> <!-- TestCases.TC_login_001 -->
    </test> <!-- Default test -->
  </suite> <!-- Default suite -->
</testng-results>
